  main.cpp
C:\Program Files\Wt 4.0.0 msvs2022 x64\include\Wt\Dbo\SqlTraits.h(266,15): warning C4251: "Wt::Dbo::FieldInfo::name_": "std::basic_string<char,std::char_traits<char>,std::allocator<char>>" должен иметь dll-интерфейс для использования клиентами "Wt::Dbo::FieldInfo"
C:\Program Files\Wt 4.0.0 msvs2022 x64\include\Wt\Dbo\SqlTraits.h(266,22): warning C4251: "Wt::Dbo::FieldInfo::sqlType_": "std::basic_string<char,std::char_traits<char>,std::allocator<char>>" должен иметь dll-интерфейс для использования клиентами "Wt::Dbo::FieldInfo"
C:\Program Files\Wt 4.0.0 msvs2022 x64\include\Wt\Dbo\SqlTraits.h(266,32): warning C4251: "Wt::Dbo::FieldInfo::qualifier_": "std::basic_string<char,std::char_traits<char>,std::allocator<char>>" должен иметь dll-интерфейс для использования клиентами "Wt::Dbo::FieldInfo"
C:\Program Files\Wt 4.0.0 msvs2022 x64\include\Wt\Dbo\SqlTraits.h(267,15): warning C4251: "Wt::Dbo::FieldInfo::foreignKeyName_": "std::basic_string<char,std::char_traits<char>,std::allocator<char>>" должен иметь dll-интерфейс для использования клиентами "Wt::Dbo::FieldInfo"
C:\Program Files\Wt 4.0.0 msvs2022 x64\include\Wt\Dbo\SqlTraits.h(267,32): warning C4251: "Wt::Dbo::FieldInfo::foreignKeyTable_": "std::basic_string<char,std::char_traits<char>,std::allocator<char>>" должен иметь dll-интерфейс для использования клиентами "Wt::Dbo::FieldInfo"
C:\Program Files\Wt 4.0.0 msvs2022 x64\include\Wt\Dbo\Query.h(274,15): warning C4251: "Wt::Dbo::AbstractQuery::join_": "std::basic_string<char,std::char_traits<char>,std::allocator<char>>" должен иметь dll-интерфейс для использования клиентами "Wt::Dbo::AbstractQuery"
C:\Program Files\Wt 4.0.0 msvs2022 x64\include\Wt\Dbo\Query.h(274,22): warning C4251: "Wt::Dbo::AbstractQuery::where_": "std::basic_string<char,std::char_traits<char>,std::allocator<char>>" должен иметь dll-интерфейс для использования клиентами "Wt::Dbo::AbstractQuery"
C:\Program Files\Wt 4.0.0 msvs2022 x64\include\Wt\Dbo\Query.h(274,30): warning C4251: "Wt::Dbo::AbstractQuery::groupBy_": "std::basic_string<char,std::char_traits<char>,std::allocator<char>>" должен иметь dll-интерфейс для использования клиентами "Wt::Dbo::AbstractQuery"
C:\Program Files\Wt 4.0.0 msvs2022 x64\include\Wt\Dbo\Query.h(274,40): warning C4251: "Wt::Dbo::AbstractQuery::having_": "std::basic_string<char,std::char_traits<char>,std::allocator<char>>" должен иметь dll-интерфейс для использования клиентами "Wt::Dbo::AbstractQuery"
C:\Program Files\Wt 4.0.0 msvs2022 x64\include\Wt\Dbo\Query.h(274,49): warning C4251: "Wt::Dbo::AbstractQuery::orderBy_": "std::basic_string<char,std::char_traits<char>,std::allocator<char>>" должен иметь dll-интерфейс для использования клиентами "Wt::Dbo::AbstractQuery"
C:\Program Files\Wt 4.0.0 msvs2022 x64\include\Wt\Dbo\Query.h(285,38): warning C4251: "Wt::Dbo::AbstractQuery::parameters_": "std::vector<Wt::Dbo::Impl::ParameterBase *,std::allocator<Wt::Dbo::Impl::ParameterBase *>>" должен иметь dll-интерфейс для использования клиентами "Wt::Dbo::AbstractQuery"
C:\Program Files\Wt 4.0.0 msvs2022 x64\include\Wt\Dbo\SqlConnection.h(317,16): warning C4251: "Wt::Dbo::SqlConnection::statementCache_": "std::multimap<std::string,std::unique_ptr<Wt::Dbo::SqlStatement,std::default_delete<Wt::Dbo::SqlStatement>>,std::less<std::string>,std::allocator<std::pair<const std::string,std::unique_ptr<Wt::Dbo::SqlStatement,std::default_delete<Wt::Dbo::SqlStatement>>>>>" должен иметь dll-интерфейс для использования клиентами "Wt::Dbo::SqlConnection"
C:\Program Files\Wt 4.0.0 msvs2022 x64\include\Wt\Dbo\SqlConnection.h(318,38): warning C4251: "Wt::Dbo::SqlConnection::properties_": "std::map<std::string,std::string,std::less<std::string>,std::allocator<std::pair<const std::string,std::string>>>" должен иметь dll-интерфейс для использования клиентами "Wt::Dbo::SqlConnection"
C:\Program Files\Wt 4.0.0 msvs2022 x64\include\Wt\Dbo\SqlConnection.h(319,28): warning C4251: "Wt::Dbo::SqlConnection::statefulSql_": "std::vector<std::string,std::allocator<std::string>>" должен иметь dll-интерфейс для использования клиентами "Wt::Dbo::SqlConnection"
C:\Program Files\Wt 4.0.0 msvs2022 x64\include\Wt\Dbo\Session.h(38,21): warning C4251: "Wt::Dbo::Impl::SetInfo::joinName": "std::basic_string<char,std::char_traits<char>,std::allocator<char>>" должен иметь dll-интерфейс для использования клиентами "Wt::Dbo::Impl::SetInfo"
C:\Program Files\Wt 4.0.0 msvs2022 x64\include\Wt\Dbo\Session.h(39,21): warning C4251: "Wt::Dbo::Impl::SetInfo::joinSelfId": "std::basic_string<char,std::char_traits<char>,std::allocator<char>>" должен иметь dll-интерфейс для использования клиентами "Wt::Dbo::Impl::SetInfo"
C:\Program Files\Wt 4.0.0 msvs2022 x64\include\Wt\Dbo\Session.h(39,33): warning C4251: "Wt::Dbo::Impl::SetInfo::joinOtherId": "std::basic_string<char,std::char_traits<char>,std::allocator<char>>" должен иметь dll-интерфейс для использования клиентами "Wt::Dbo::Impl::SetInfo"
C:\Program Files\Wt 4.0.0 msvs2022 x64\include\Wt\Dbo\Session.h(56,21): warning C4251: "Wt::Dbo::Impl::MappingInfo::naturalIdFieldName": "std::basic_string<char,std::char_traits<char>,std::allocator<char>>" должен иметь dll-интерфейс для использования клиентами "Wt::Dbo::Impl::MappingInfo"
C:\Program Files\Wt 4.0.0 msvs2022 x64\include\Wt\Dbo\Session.h(59,21): warning C4251: "Wt::Dbo::Impl::MappingInfo::idCondition": "std::basic_string<char,std::char_traits<char>,std::allocator<char>>" должен иметь dll-интерфейс для использования клиентами "Wt::Dbo::Impl::MappingInfo"
C:\Program Files\Wt 4.0.0 msvs2022 x64\include\Wt\Dbo\Session.h(61,32): warning C4251: "Wt::Dbo::Impl::MappingInfo::fields": "std::vector<Wt::Dbo::FieldInfo,std::allocator<Wt::Dbo::FieldInfo>>" должен иметь dll-интерфейс для использования клиентами "Wt::Dbo::Impl::MappingInfo"
C:\Program Files\Wt 4.0.0 msvs2022 x64\include\Wt\Dbo\Session.h(62,30): warning C4251: "Wt::Dbo::Impl::MappingInfo::sets": "std::vector<Wt::Dbo::Impl::SetInfo,std::allocator<Wt::Dbo::Impl::SetInfo>>" должен иметь dll-интерфейс для использования клиентами "Wt::Dbo::Impl::MappingInfo"
C:\Program Files\Wt 4.0.0 msvs2022 x64\include\Wt\Dbo\Session.h(64,34): warning C4251: "Wt::Dbo::Impl::MappingInfo::statements": "std::vector<std::string,std::allocator<std::string>>" должен иметь dll-интерфейс для использования клиентами "Wt::Dbo::Impl::MappingInfo"
C:\Program Files\Wt 4.0.0 msvs2022 x64\include\Wt\Dbo\Session.h(510,23): warning C4251: "Wt::Dbo::Session::longlongType_": "std::basic_string<char,std::char_traits<char>,std::allocator<char>>" должен иметь dll-интерфейс для использования клиентами "Wt::Dbo::Session"
C:\Program Files\Wt 4.0.0 msvs2022 x64\include\Wt\Dbo\Session.h(511,23): warning C4251: "Wt::Dbo::Session::intType_": "std::basic_string<char,std::char_traits<char>,std::allocator<char>>" должен иметь dll-интерфейс для использования клиентами "Wt::Dbo::Session"
C:\Program Files\Wt 4.0.0 msvs2022 x64\include\Wt\Dbo\Session.h(557,17): warning C4251: "Wt::Dbo::Session::classRegistry_": "std::map<Wt::Dbo::Session::const_typeinfo_ptr,Wt::Dbo::Impl::MappingInfo *,Wt::Dbo::Session::typecomp,std::allocator<std::pair<const Wt::Dbo::Session::const_typeinfo_ptr,Wt::Dbo::Impl::MappingInfo *>>>" должен иметь dll-интерфейс для использования клиентами "Wt::Dbo::Session"
C:\Program Files\Wt 4.0.0 msvs2022 x64\include\Wt\Dbo\Session.h(558,17): warning C4251: "Wt::Dbo::Session::tableRegistry_": "std::map<std::string,Wt::Dbo::Impl::MappingInfo *,std::less<std::string>,std::allocator<std::pair<const std::string,Wt::Dbo::Impl::MappingInfo *>>>" должен иметь dll-интерфейс для использования клиентами "Wt::Dbo::Session"
C:\Program Files\Wt 4.0.0 msvs2022 x64\include\Wt\Dbo\Session.h(564,29): warning C4251: "Wt::Dbo::Session::objectsToAdd_": "std::vector<Wt::Dbo::MetaDboBase *,std::allocator<Wt::Dbo::MetaDboBase *>>" должен иметь dll-интерфейс для использования клиентами "Wt::Dbo::Session"
C:\Program Files\Wt 4.0.0 msvs2022 x64\include\Wt\Dbo\Session.h(565,34): warning C4251: "Wt::Dbo::Session::connection_": "std::unique_ptr<Wt::Dbo::SqlConnection,std::default_delete<Wt::Dbo::SqlConnection>>" должен иметь dll-интерфейс для использования клиентами "Wt::Dbo::Session"
C:\Program Files\Wt 4.0.0 msvs2022 x64\include\Wt\Dbo\DbAction.h(63,15): warning C4251: "Wt::Dbo::InitSchema::foreignKeyTable_": "std::basic_string<char,std::char_traits<char>,std::allocator<char>>" должен иметь dll-интерфейс для использования клиентами "Wt::Dbo::InitSchema"
C:\Program Files\Wt 4.0.0 msvs2022 x64\include\Wt\Dbo\DbAction.h(63,33): warning C4251: "Wt::Dbo::InitSchema::foreignKeyName_": "std::basic_string<char,std::char_traits<char>,std::allocator<char>>" должен иметь dll-интерфейс для использования клиентами "Wt::Dbo::InitSchema"
C:\Program Files\Wt 4.0.0 msvs2022 x64\include\Wt\Dbo\Exception.h(24,41): warning C4275: class "std::runtime_error", не являющийся dll-интерфейсом, использован в качестве базового для dll-интерфейса class "Wt::Dbo::Exception"
C:\Program Files\Wt 4.0.0 msvs2022 x64\include\Wt\Dbo\Exception.h(44,15): warning C4251: "Wt::Dbo::Exception::code_": "std::basic_string<char,std::char_traits<char>,std::allocator<char>>" должен иметь dll-интерфейс для использования клиентами "Wt::Dbo::Exception"
C:\Program Files\Wt 4.0.0 msvs2022 x64\include\Wt\Dbo\backend\Postgres.h(160,15): warning C4251: "Wt::Dbo::backend::Postgres::connInfo_": "std::basic_string<char,std::char_traits<char>,std::allocator<char>>" должен иметь dll-интерфейс для использования клиентами "Wt::Dbo::backend::Postgres"
C:\Program Files\Wt 4.0.0 msvs2022 x64\include\Wt\Dbo\backend\Postgres.h(162,29): warning C4251: "Wt::Dbo::backend::Postgres::timeout_": "std::chrono::duration<__int64,std::micro>" должен иметь dll-интерфейс для использования клиентами "Wt::Dbo::backend::Postgres"
C:\Program Files\Wt 4.0.0 msvs2022 x64\include\Wt\Dbo\backend\Postgres.h(163,24): warning C4251: "Wt::Dbo::backend::Postgres::maximumLifetime_": "std::chrono::duration<__int64,std::ratio<1,1>>" должен иметь dll-интерфейс для использования клиентами "Wt::Dbo::backend::Postgres"
C:\Program Files\Wt 4.0.0 msvs2022 x64\include\Wt\Dbo\backend\Postgres.h(164,41): warning C4251: "Wt::Dbo::backend::Postgres::connectTime_": "std::chrono::time_point<std::chrono::steady_clock,std::chrono::nanoseconds>" должен иметь dll-интерфейс для использования клиентами "Wt::Dbo::backend::Postgres"
  Project1.vcxproj -> C:\Trening\Project1\x64\Debug\Project1.exe
